  Qz.cpp
ftxui-dom.lib(node.obj) : error LNK2038: discordance détectée pour '_ITERATOR_DEBUG_LEVEL' : la valeur '0' ne correspond pas à la valeur '2' in Qz.obj
ftxui-dom.lib(node.obj) : error LNK2038: discordance détectée pour 'RuntimeLibrary' : la valeur 'MD_DynamicRelease' ne correspond pas à la valeur 'MDd_DynamicDebug' in Qz.obj
ftxui-dom.lib(util.obj) : error LNK2038: discordance détectée pour '_ITERATOR_DEBUG_LEVEL' : la valeur '0' ne correspond pas à la valeur '2' in Qz.obj
ftxui-dom.lib(util.obj) : error LNK2038: discordance détectée pour 'RuntimeLibrary' : la valeur 'MD_DynamicRelease' ne correspond pas à la valeur 'MDd_DynamicDebug' in Qz.obj
ftxui-dom.lib(text.obj) : error LNK2038: discordance détectée pour '_ITERATOR_DEBUG_LEVEL' : la valeur '0' ne correspond pas à la valeur '2' in Qz.obj
ftxui-dom.lib(text.obj) : error LNK2038: discordance détectée pour 'RuntimeLibrary' : la valeur 'MD_DynamicRelease' ne correspond pas à la valeur 'MDd_DynamicDebug' in Qz.obj
ftxui-dom.lib(border.obj) : error LNK2038: discordance détectée pour '_ITERATOR_DEBUG_LEVEL' : la valeur '0' ne correspond pas à la valeur '2' in Qz.obj
ftxui-dom.lib(border.obj) : error LNK2038: discordance détectée pour 'RuntimeLibrary' : la valeur 'MD_DynamicRelease' ne correspond pas à la valeur 'MDd_DynamicDebug' in Qz.obj
ftxui-dom.lib(hbox.obj) : error LNK2038: discordance détectée pour '_ITERATOR_DEBUG_LEVEL' : la valeur '0' ne correspond pas à la valeur '2' in Qz.obj
ftxui-dom.lib(hbox.obj) : error LNK2038: discordance détectée pour 'RuntimeLibrary' : la valeur 'MD_DynamicRelease' ne correspond pas à la valeur 'MDd_DynamicDebug' in Qz.obj
ftxui-dom.lib(flex.obj) : error LNK2038: discordance détectée pour '_ITERATOR_DEBUG_LEVEL' : la valeur '0' ne correspond pas à la valeur '2' in Qz.obj
ftxui-dom.lib(flex.obj) : error LNK2038: discordance détectée pour 'RuntimeLibrary' : la valeur 'MD_DynamicRelease' ne correspond pas à la valeur 'MDd_DynamicDebug' in Qz.obj
ftxui-dom.lib(box_helper.obj) : error LNK2038: discordance détectée pour '_ITERATOR_DEBUG_LEVEL' : la valeur '0' ne correspond pas à la valeur '2' in Qz.obj
ftxui-dom.lib(box_helper.obj) : error LNK2038: discordance détectée pour 'RuntimeLibrary' : la valeur 'MD_DynamicRelease' ne correspond pas à la valeur 'MDd_DynamicDebug' in Qz.obj
ftxui-screen.lib(screen.obj) : error LNK2038: discordance détectée pour '_ITERATOR_DEBUG_LEVEL' : la valeur '0' ne correspond pas à la valeur '2' in Qz.obj
ftxui-screen.lib(screen.obj) : error LNK2038: discordance détectée pour 'RuntimeLibrary' : la valeur 'MD_DynamicRelease' ne correspond pas à la valeur 'MDd_DynamicDebug' in Qz.obj
ftxui-screen.lib(string.obj) : error LNK2038: discordance détectée pour '_ITERATOR_DEBUG_LEVEL' : la valeur '0' ne correspond pas à la valeur '2' in Qz.obj
ftxui-screen.lib(string.obj) : error LNK2038: discordance détectée pour 'RuntimeLibrary' : la valeur 'MD_DynamicRelease' ne correspond pas à la valeur 'MDd_DynamicDebug' in Qz.obj
ftxui-screen.lib(box.obj) : error LNK2038: discordance détectée pour '_ITERATOR_DEBUG_LEVEL' : la valeur '0' ne correspond pas à la valeur '2' in Qz.obj
ftxui-screen.lib(box.obj) : error LNK2038: discordance détectée pour 'RuntimeLibrary' : la valeur 'MD_DynamicRelease' ne correspond pas à la valeur 'MDd_DynamicDebug' in Qz.obj
ftxui-screen.lib(color.obj) : error LNK2038: discordance détectée pour '_ITERATOR_DEBUG_LEVEL' : la valeur '0' ne correspond pas à la valeur '2' in Qz.obj
ftxui-screen.lib(color.obj) : error LNK2038: discordance détectée pour 'RuntimeLibrary' : la valeur 'MD_DynamicRelease' ne correspond pas à la valeur 'MDd_DynamicDebug' in Qz.obj
ftxui-screen.lib(terminal.obj) : error LNK2038: discordance détectée pour '_ITERATOR_DEBUG_LEVEL' : la valeur '0' ne correspond pas à la valeur '2' in Qz.obj
ftxui-screen.lib(terminal.obj) : error LNK2038: discordance détectée pour 'RuntimeLibrary' : la valeur 'MD_DynamicRelease' ne correspond pas à la valeur 'MDd_DynamicDebug' in Qz.obj
ftxui-screen.lib(color_info.obj) : error LNK2038: discordance détectée pour '_ITERATOR_DEBUG_LEVEL' : la valeur '0' ne correspond pas à la valeur '2' in Qz.obj
ftxui-screen.lib(color_info.obj) : error LNK2038: discordance détectée pour 'RuntimeLibrary' : la valeur 'MD_DynamicRelease' ne correspond pas à la valeur 'MDd_DynamicDebug' in Qz.obj
LINK : warning LNK4098: conflit entre la bibliothèque par défaut 'MSVCRT' et les autres bibliothèques ; utilisez /NODEFAULTLIB:library
E:\Prog\Small Projects\Cpp\Qz\Debug\Qz.exe : fatal error LNK1319: 26 discordances détectées
