  MainPage.cpp
C:\Users\alexe\Documents\Programation\C++\learning-cards\QzCPP\MainPage.cpp(3,11): error C2337: 'STAThread' : attribut introuvable
  MyScrollBar.cpp
  Patern.cpp
C:\Users\alexe\Documents\Programation\C++\learning-cards\QzCPP\Patern.cpp(21,55): error C2653: 'QzCPP' : n'est pas un nom de classe ni d'espace de noms
C:\Users\alexe\Documents\Programation\C++\learning-cards\QzCPP\Patern.cpp(21,72): error C2065: 'MainWindowWidth' : identificateur non déclaré
C:\Users\alexe\Documents\Programation\C++\learning-cards\QzCPP\Patern.cpp(23,14): warning C4244: 'initialisation' : conversion de 'float' en 'int', perte possible de données
C:\Users\alexe\Documents\Programation\C++\learning-cards\QzCPP\Patern.cpp(24,14): warning C4244: 'initialisation' : conversion de 'float' en 'int', perte possible de données
C:\Users\alexe\Documents\Programation\C++\learning-cards\QzCPP\Patern.cpp(32,69): error C2653: 'QzCPP' : n'est pas un nom de classe ni d'espace de noms
C:\Users\alexe\Documents\Programation\C++\learning-cards\QzCPP\Patern.cpp(32,86): error C2065: 'MainWindowWidth' : identificateur non déclaré
C:\Users\alexe\Documents\Programation\C++\learning-cards\QzCPP\Patern.cpp(33,68): error C2653: 'QzCPP' : n'est pas un nom de classe ni d'espace de noms
C:\Users\alexe\Documents\Programation\C++\learning-cards\QzCPP\Patern.cpp(33,85): error C2065: 'MainWindowHeight' : identificateur non déclaré
C:\Users\alexe\Documents\Programation\C++\learning-cards\QzCPP\Patern.cpp(35,14): warning C4244: 'initialisation' : conversion de 'float' en 'int', perte possible de données
C:\Users\alexe\Documents\Programation\C++\learning-cards\QzCPP\Patern.cpp(36,18): warning C4244: 'initialisation' : conversion de 'float' en 'int', perte possible de données
C:\Users\alexe\Documents\Programation\C++\learning-cards\QzCPP\Patern.cpp(38,14): warning C4244: 'initialisation' : conversion de 'float' en 'int', perte possible de données
C:\Users\alexe\Documents\Programation\C++\learning-cards\QzCPP\Patern.cpp(39,19): warning C4244: 'initialisation' : conversion de 'float' en 'int', perte possible de données
C:\Users\alexe\Documents\Programation\C++\learning-cards\QzCPP\Patern.cpp(47,69): error C2653: 'QzCPP' : n'est pas un nom de classe ni d'espace de noms
C:\Users\alexe\Documents\Programation\C++\learning-cards\QzCPP\Patern.cpp(47,86): error C2065: 'MainWindowWidth' : identificateur non déclaré
C:\Users\alexe\Documents\Programation\C++\learning-cards\QzCPP\Patern.cpp(48,68): error C2653: 'QzCPP' : n'est pas un nom de classe ni d'espace de noms
C:\Users\alexe\Documents\Programation\C++\learning-cards\QzCPP\Patern.cpp(48,85): error C2065: 'MainWindowHeight' : identificateur non déclaré
C:\Users\alexe\Documents\Programation\C++\learning-cards\QzCPP\Patern.cpp(50,14): warning C4244: 'initialisation' : conversion de 'float' en 'int', perte possible de données
C:\Users\alexe\Documents\Programation\C++\learning-cards\QzCPP\Patern.cpp(51,18): warning C4244: 'initialisation' : conversion de 'float' en 'int', perte possible de données
C:\Users\alexe\Documents\Programation\C++\learning-cards\QzCPP\Patern.cpp(53,19): warning C4244: 'initialisation' : conversion de 'float' en 'int', perte possible de données
C:\Users\alexe\Documents\Programation\C++\learning-cards\QzCPP\Patern.cpp(69,14): error C2653: 'QzCPP' : n'est pas un nom de classe ni d'espace de noms
C:\Users\alexe\Documents\Programation\C++\learning-cards\QzCPP\Patern.cpp(72,20): error C2355: 'this' : ne peut être référencé qu'à l'intérieur de fonctions membres non static ou d'initialiseurs de membres de données non static
C:\Users\alexe\Documents\Programation\C++\learning-cards\QzCPP\Patern.cpp(73,22): error C2355: 'this' : ne peut être référencé qu'à l'intérieur de fonctions membres non static ou d'initialiseurs de membres de données non static
C:\Users\alexe\Documents\Programation\C++\learning-cards\QzCPP\Patern.cpp(75,22): error C2355: 'this' : ne peut être référencé qu'à l'intérieur de fonctions membres non static ou d'initialiseurs de membres de données non static
C:\Users\alexe\Documents\Programation\C++\learning-cards\QzCPP\Patern.cpp(76,20): error C2355: 'this' : ne peut être référencé qu'à l'intérieur de fonctions membres non static ou d'initialiseurs de membres de données non static
C:\Users\alexe\Documents\Programation\C++\learning-cards\QzCPP\Patern.cpp(78,22): error C2355: 'this' : ne peut être référencé qu'à l'intérieur de fonctions membres non static ou d'initialiseurs de membres de données non static
C:\Users\alexe\Documents\Programation\C++\learning-cards\QzCPP\Patern.cpp(79,19): error C2355: 'this' : ne peut être référencé qu'à l'intérieur de fonctions membres non static ou d'initialiseurs de membres de données non static
C:\Users\alexe\Documents\Programation\C++\learning-cards\QzCPP\Patern.cpp(82,5): error C2355: 'this' : ne peut être référencé qu'à l'intérieur de fonctions membres non static ou d'initialiseurs de membres de données non static
C:\Users\alexe\Documents\Programation\C++\learning-cards\QzCPP\Patern.cpp(84,9): error C2355: 'this' : ne peut être référencé qu'à l'intérieur de fonctions membres non static ou d'initialiseurs de membres de données non static
C:\Users\alexe\Documents\Programation\C++\learning-cards\QzCPP\Patern.cpp(92,13): error C2355: 'this' : ne peut être référencé qu'à l'intérieur de fonctions membres non static ou d'initialiseurs de membres de données non static
C:\Users\alexe\Documents\Programation\C++\learning-cards\QzCPP\Patern.cpp(93,13): error C2355: 'this' : ne peut être référencé qu'à l'intérieur de fonctions membres non static ou d'initialiseurs de membres de données non static
C:\Users\alexe\Documents\Programation\C++\learning-cards\QzCPP\Patern.cpp(97,13): error C2355: 'this' : ne peut être référencé qu'à l'intérieur de fonctions membres non static ou d'initialiseurs de membres de données non static
C:\Users\alexe\Documents\Programation\C++\learning-cards\QzCPP\Patern.cpp(100,30): error C2355: 'this' : ne peut être référencé qu'à l'intérieur de fonctions membres non static ou d'initialiseurs de membres de données non static
C:\Users\alexe\Documents\Programation\C++\learning-cards\QzCPP\Patern.cpp(100,67): error C2355: 'this' : ne peut être référencé qu'à l'intérieur de fonctions membres non static ou d'initialiseurs de membres de données non static
C:\Users\alexe\Documents\Programation\C++\learning-cards\QzCPP\Patern.cpp(102,9): error C2355: 'this' : ne peut être référencé qu'à l'intérieur de fonctions membres non static ou d'initialiseurs de membres de données non static
C:\Users\alexe\Documents\Programation\C++\learning-cards\QzCPP\Patern.cpp(102,30): error C2355: 'this' : ne peut être référencé qu'à l'intérieur de fonctions membres non static ou d'initialiseurs de membres de données non static
C:\Users\alexe\Documents\Programation\C++\learning-cards\QzCPP\Patern.cpp(107,9): error C2355: 'this' : ne peut être référencé qu'à l'intérieur de fonctions membres non static ou d'initialiseurs de membres de données non static
C:\Users\alexe\Documents\Programation\C++\learning-cards\QzCPP\Patern.cpp(113,9): error C2355: 'this' : ne peut être référencé qu'à l'intérieur de fonctions membres non static ou d'initialiseurs de membres de données non static
C:\Users\alexe\Documents\Programation\C++\learning-cards\QzCPP\Patern.cpp(113,30): error C2355: 'this' : ne peut être référencé qu'à l'intérieur de fonctions membres non static ou d'initialiseurs de membres de données non static
C:\Users\alexe\Documents\Programation\C++\learning-cards\QzCPP\Patern.cpp(115,9): error C2355: 'this' : ne peut être référencé qu'à l'intérieur de fonctions membres non static ou d'initialiseurs de membres de données non static
C:\Users\alexe\Documents\Programation\C++\learning-cards\QzCPP\Patern.cpp(115,30): error C2355: 'this' : ne peut être référencé qu'à l'intérieur de fonctions membres non static ou d'initialiseurs de membres de données non static
C:\Users\alexe\Documents\Programation\C++\learning-cards\QzCPP\Patern.cpp(118,5): error C2355: 'this' : ne peut être référencé qu'à l'intérieur de fonctions membres non static ou d'initialiseurs de membres de données non static
C:\Users\alexe\Documents\Programation\C++\learning-cards\QzCPP\Patern.cpp(118,42): error C2355: 'this' : ne peut être référencé qu'à l'intérieur de fonctions membres non static ou d'initialiseurs de membres de données non static
C:\Users\alexe\Documents\Programation\C++\learning-cards\QzCPP\Patern.cpp(118,68): error C2512: 'System::String::String' : aucun constructeur par défaut approprié disponible
C:\Users\alexe\Documents\Programation\C++\learning-cards\QzCPP\Patern.cpp(121,5): error C2355: 'this' : ne peut être référencé qu'à l'intérieur de fonctions membres non static ou d'initialiseurs de membres de données non static
C:\Users\alexe\Documents\Programation\C++\learning-cards\QzCPP\Patern.cpp(121,66): error C2355: 'this' : ne peut être référencé qu'à l'intérieur de fonctions membres non static ou d'initialiseurs de membres de données non static
C:\Users\alexe\Documents\Programation\C++\learning-cards\QzCPP\Patern.cpp(121,86): error C2653: 'QzCPP' : n'est pas un nom de classe ni d'espace de noms
C:\Users\alexe\Documents\Programation\C++\learning-cards\QzCPP\Patern.cpp(121,103): error C2065: 'MainWindowHeight' : identificateur non déclaré
C:\Users\alexe\Documents\Programation\C++\learning-cards\QzCPP\Patern.cpp(121,130): error C2440: '<function-style-cast>' : impossible de convertir de 'int' en 'System::Drawing::Size'
C:\Users\alexe\Documents\Programation\C++\learning-cards\QzCPP\Patern.cpp(121,130): message : Aucun constructeur n'a pu prendre le type de source, ou la résolution de la surcharge du constructeur était ambiguë
C:\Users\alexe\Documents\Programation\C++\learning-cards\QzCPP\Patern.cpp(122,5): error C2355: 'this' : ne peut être référencé qu'à l'intérieur de fonctions membres non static ou d'initialiseurs de membres de données non static
C:\Users\alexe\Documents\Programation\C++\learning-cards\QzCPP\Patern.cpp(130,22): error C2355: 'this' : ne peut être référencé qu'à l'intérieur de fonctions membres non static ou d'initialiseurs de membres de données non static
C:\Users\alexe\Documents\Programation\C++\learning-cards\QzCPP\Patern.cpp(130,39): error C2065: 'startCardButton' : identificateur non déclaré
C:\Users\alexe\Documents\Programation\C++\learning-cards\QzCPP\Patern.cpp(131,22): error C2355: 'this' : ne peut être référencé qu'à l'intérieur de fonctions membres non static ou d'initialiseurs de membres de données non static
C:\Users\alexe\Documents\Programation\C++\learning-cards\QzCPP\Patern.cpp(131,40): error C2065: 'startLearnButton' : identificateur non déclaré
C:\Users\alexe\Documents\Programation\C++\learning-cards\QzCPP\Patern.cpp(132,22): error C2355: 'this' : ne peut être référencé qu'à l'intérieur de fonctions membres non static ou d'initialiseurs de membres de données non static
C:\Users\alexe\Documents\Programation\C++\learning-cards\QzCPP\Patern.cpp(132,40): error C2065: 'startWriteButton' : identificateur non déclaré
C:\Users\alexe\Documents\Programation\C++\learning-cards\QzCPP\Patern.cpp(133,22): error C2355: 'this' : ne peut être référencé qu'à l'intérieur de fonctions membres non static ou d'initialiseurs de membres de données non static
C:\Users\alexe\Documents\Programation\C++\learning-cards\QzCPP\Patern.cpp(133,43): error C2065: 'startPlusTardButton' : identificateur non déclaré
C:\Users\alexe\Documents\Programation\C++\learning-cards\QzCPP\Patern.cpp(135,22): error C2355: 'this' : ne peut être référencé qu'à l'intérieur de fonctions membres non static ou d'initialiseurs de membres de données non static
C:\Users\alexe\Documents\Programation\C++\learning-cards\QzCPP\Patern.cpp(135,45): error C2065: 'bannerLightGreyPanel' : identificateur non déclaré
C:\Users\alexe\Documents\Programation\C++\learning-cards\QzCPP\Patern.cpp(136,22): error C2355: 'this' : ne peut être référencé qu'à l'intérieur de fonctions membres non static ou d'initialiseurs de membres de données non static
C:\Users\alexe\Documents\Programation\C++\learning-cards\QzCPP\Patern.cpp(136,42): error C2065: 'panelTextBoxPanel' : identificateur non déclaré
C:\Users\alexe\Documents\Programation\C++\learning-cards\QzCPP\Patern.cpp(137,22): error C2355: 'this' : ne peut être référencé qu'à l'intérieur de fonctions membres non static ou d'initialiseurs de membres de données non static
C:\Users\alexe\Documents\Programation\C++\learning-cards\QzCPP\Patern.cpp(137,42): error C2065: 'rightTextBoxTextBox' : identificateur non déclaré
C:\Users\alexe\Documents\Programation\C++\learning-cards\QzCPP\Patern.cpp(138,22): error C2355: 'this' : ne peut être référencé qu'à l'intérieur de fonctions membres non static ou d'initialiseurs de membres de données non static
C:\Users\alexe\Documents\Programation\C++\learning-cards\QzCPP\Patern.cpp(138,41): error C2065: 'leftTextBoxTextBox' : identificateur non déclaré
C:\Users\alexe\Documents\Programation\C++\learning-cards\QzCPP\Patern.cpp(139,22): error C2355: 'this' : ne peut être référencé qu'à l'intérieur de fonctions membres non static ou d'initialiseurs de membres de données non static
C:\Users\alexe\Documents\Programation\C++\learning-cards\QzCPP\Patern.cpp(139,43): error C2065: 'panelRedDarckPanel' : identificateur non déclaré
C:\Users\alexe\Documents\Programation\C++\learning-cards\QzCPP\Patern.cpp(141,9): error C2355: 'this' : ne peut être référencé qu'à l'intérieur de fonctions membres non static ou d'initialiseurs de membres de données non static
C:\Users\alexe\Documents\Programation\C++\learning-cards\QzCPP\Patern.cpp(141,45): error C2355: 'this' : ne peut être référencé qu'à l'intérieur de fonctions membres non static ou d'initialiseurs de membres de données non static
C:\Users\alexe\Documents\Programation\C++\learning-cards\QzCPP\Patern.cpp(143,9): error C2355: 'this' : ne peut être référencé qu'à l'intérieur de fonctions membres non static ou d'initialiseurs de membres de données non static
C:\Users\alexe\Documents\Programation\C++\learning-cards\QzCPP\Patern.cpp(144,9): error C2355: 'this' : ne peut être référencé qu'à l'intérieur de fonctions membres non static ou d'initialiseurs de membres de données non static
C:\Users\alexe\Documents\Programation\C++\learning-cards\QzCPP\Patern.cpp(145,9): error C2355: 'this' : ne peut être référencé qu'à l'intérieur de fonctions membres non static ou d'initialiseurs de membres de données non static
C:\Users\alexe\Documents\Programation\C++\learning-cards\QzCPP\Patern.cpp(145,43): error C2355: 'this' : ne peut être référencé qu'à l'intérieur de fonctions membres non static ou d'initialiseurs de membres de données non static
C:\Users\alexe\Documents\Programation\C++\learning-cards\QzCPP\Patern.cpp(145,62): error C2355: 'this' : ne peut être référencé qu'à l'intérieur de fonctions membres non static ou d'initialiseurs de membres de données non static
C:\Users\alexe\Documents\Programation\C++\learning-cards\QzCPP\Patern.cpp(145,97): error C2355: 'this' : ne peut être référencé qu'à l'intérieur de fonctions membres non static ou d'initialiseurs de membres de données non static
C:\Users\alexe\Documents\Programation\C++\learning-cards\QzCPP\Patern.cpp(145,127): error C2660: 'handleSize' : la fonction ne prend pas 1 arguments
C:\Users\alexe\Documents\Programation\C++\learning-cards\QzCPP\Patern.cpp(59,5): message : voir la déclaration de 'handleSize'
C:\Users\alexe\Documents\Programation\C++\learning-cards\QzCPP\Patern.cpp(148,9): error C2653: 'QzCPP' : n'est pas un nom de classe ni d'espace de noms
C:\Users\alexe\Documents\Programation\C++\learning-cards\QzCPP\Patern.cpp(148,29): error C3861: 'ScrollBarHide' : identificateur introuvable
C:\Users\alexe\Documents\Programation\C++\learning-cards\QzCPP\Patern.cpp(225,13): error C2039: 'Menu' n'est pas membre de 'QzCPP::MyScrollBar'
C:\Users\alexe\Documents\Programation\C++\learning-cards\QzCPP\Patern.cpp(174): message : voir la déclaration de 'QzCPP::MyScrollBar'
C:\Users\alexe\Documents\Programation\C++\learning-cards\QzCPP\Patern.cpp(225,34): error C2039: 'Height' n'est pas membre de 'QzCPP::MyScrollBar'
C:\Users\alexe\Documents\Programation\C++\learning-cards\QzCPP\Patern.cpp(174): message : voir la déclaration de 'QzCPP::MyScrollBar'
C:\Users\alexe\Documents\Programation\C++\learning-cards\QzCPP\Patern.cpp(225,54): error C2039: 'Menu' n'est pas membre de 'QzCPP::MyScrollBar'
C:\Users\alexe\Documents\Programation\C++\learning-cards\QzCPP\Patern.cpp(174): message : voir la déclaration de 'QzCPP::MyScrollBar'
C:\Users\alexe\Documents\Programation\C++\learning-cards\QzCPP\Patern.cpp(227,10): error C2039: 'Menu' n'est pas membre de 'QzCPP::MyScrollBar'
C:\Users\alexe\Documents\Programation\C++\learning-cards\QzCPP\Patern.cpp(174): message : voir la déclaration de 'QzCPP::MyScrollBar'
C:\Users\alexe\Documents\Programation\C++\learning-cards\QzCPP\Patern.cpp(239,1): error C2882: 'Text' : utilisation non conforme d'un identificateur d'espace de noms dans l'expression
C:\Users\alexe\Documents\Programation\C++\learning-cards\QzCPP\Patern.cpp(242,29): error C2039: 'Controls' n'est pas membre de 'QzCPP::MyScrollBar'
C:\Users\alexe\Documents\Programation\C++\learning-cards\QzCPP\Patern.cpp(174): message : voir la déclaration de 'QzCPP::MyScrollBar'
C:\Users\alexe\Documents\Programation\C++\learning-cards\QzCPP\Patern.cpp(244,10): error C2039: 'Controls' n'est pas membre de 'QzCPP::MyScrollBar'
C:\Users\alexe\Documents\Programation\C++\learning-cards\QzCPP\Patern.cpp(174): message : voir la déclaration de 'QzCPP::MyScrollBar'
C:\Users\alexe\Documents\Programation\C++\learning-cards\QzCPP\Patern.cpp(244,91): error C2653: 'MainPage' : n'est pas un nom de classe ni d'espace de noms
C:\Users\alexe\Documents\Programation\C++\learning-cards\QzCPP\Patern.cpp(244,90): error C2276: '&' : opération non conforme sur l'expression d'une fonction membre liée
C:\Users\alexe\Documents\Programation\C++\learning-cards\QzCPP\Patern.cpp(244,1): error C3364: 'System::Windows::Forms::MouseEventHandler' : argument non valide pour le constructeur délégué ; la cible du délégué doit être un pointeur vers une fonction membre
C:\Users\alexe\Documents\Programation\C++\learning-cards\QzCPP\Patern.cpp(248,29): error C2039: 'Controls' n'est pas membre de 'QzCPP::MyScrollBar'
C:\Users\alexe\Documents\Programation\C++\learning-cards\QzCPP\Patern.cpp(174): message : voir la déclaration de 'QzCPP::MyScrollBar'
C:\Users\alexe\Documents\Programation\C++\learning-cards\QzCPP\Patern.cpp(250,10): error C2039: 'Controls' n'est pas membre de 'QzCPP::MyScrollBar'
C:\Users\alexe\Documents\Programation\C++\learning-cards\QzCPP\Patern.cpp(174): message : voir la déclaration de 'QzCPP::MyScrollBar'
C:\Users\alexe\Documents\Programation\C++\learning-cards\QzCPP\Patern.cpp(250,91): error C2653: 'MainPage' : n'est pas un nom de classe ni d'espace de noms
C:\Users\alexe\Documents\Programation\C++\learning-cards\QzCPP\Patern.cpp(250,90): error C2276: '&' : opération non conforme sur l'expression d'une fonction membre liée
C:\Users\alexe\Documents\Programation\C++\learning-cards\QzCPP\Patern.cpp(250,1): error C3364: 'System::Windows::Forms::MouseEventHandler' : argument non valide pour le constructeur délégué ; la cible du délégué doit être un pointeur vers une fonction membre
C:\Users\alexe\Documents\Programation\C++\learning-cards\QzCPP\Patern.cpp(260,14): error C2039: 'Menu' n'est pas membre de 'QzCPP::MyScrollBar'
C:\Users\alexe\Documents\Programation\C++\learning-cards\QzCPP\Patern.cpp(174): message : voir la déclaration de 'QzCPP::MyScrollBar'
C:\Users\alexe\Documents\Programation\C++\learning-cards\QzCPP\Patern.cpp(260,35): error C2039: 'Menu' n'est pas membre de 'QzCPP::MyScrollBar'
C:\Users\alexe\Documents\Programation\C++\learning-cards\QzCPP\Patern.cpp(174): message : voir la déclaration de 'QzCPP::MyScrollBar'
C:\Users\alexe\Documents\Programation\C++\learning-cards\QzCPP\Patern.cpp(260,53): error C2039: 'Height' n'est pas membre de 'QzCPP::MyScrollBar'
C:\Users\alexe\Documents\Programation\C++\learning-cards\QzCPP\Patern.cpp(174): message : voir la déclaration de 'QzCPP::MyScrollBar'
C:\Users\alexe\Documents\Programation\C++\learning-cards\QzCPP\Patern.cpp(262,11): error C2039: 'Menu' n'est pas membre de 'QzCPP::MyScrollBar'
C:\Users\alexe\Documents\Programation\C++\learning-cards\QzCPP\Patern.cpp(174): message : voir la déclaration de 'QzCPP::MyScrollBar'
C:\Users\alexe\Documents\Programation\C++\learning-cards\QzCPP\Patern.cpp(266,11): error C2039: 'Menu' n'est pas membre de 'QzCPP::MyScrollBar'
C:\Users\alexe\Documents\Programation\C++\learning-cards\QzCPP\Patern.cpp(174): message : voir la déclaration de 'QzCPP::MyScrollBar'
C:\Users\alexe\Documents\Programation\C++\learning-cards\QzCPP\Patern.cpp(266,30): error C2039: 'Menu' n'est pas membre de 'QzCPP::MyScrollBar'
C:\Users\alexe\Documents\Programation\C++\learning-cards\QzCPP\Patern.cpp(174): message : voir la déclaration de 'QzCPP::MyScrollBar'
C:\Users\alexe\Documents\Programation\C++\learning-cards\QzCPP\Patern.cpp(266,51): error C2039: 'Menu' n'est pas membre de 'QzCPP::MyScrollBar'
C:\Users\alexe\Documents\Programation\C++\learning-cards\QzCPP\Patern.cpp(174): message : voir la déclaration de 'QzCPP::MyScrollBar'
C:\Users\alexe\Documents\Programation\C++\learning-cards\QzCPP\Patern.cpp(266,69): error C2039: 'Height' n'est pas membre de 'QzCPP::MyScrollBar'
C:\Users\alexe\Documents\Programation\C++\learning-cards\QzCPP\Patern.cpp(174): message : voir la déclaration de 'QzCPP::MyScrollBar'
C:\Users\alexe\Documents\Programation\C++\learning-cards\QzCPP\Patern.cpp(271,14): error C2039: 'Menu' n'est pas membre de 'QzCPP::MyScrollBar'
C:\Users\alexe\Documents\Programation\C++\learning-cards\QzCPP\Patern.cpp(174): message : voir la déclaration de 'QzCPP::MyScrollBar'
C:\Users\alexe\Documents\Programation\C++\learning-cards\QzCPP\Patern.cpp(273,11): error C2039: 'Menu' n'est pas membre de 'QzCPP::MyScrollBar'
C:\Users\alexe\Documents\Programation\C++\learning-cards\QzCPP\Patern.cpp(174): message : voir la déclaration de 'QzCPP::MyScrollBar'
C:\Users\alexe\Documents\Programation\C++\learning-cards\QzCPP\Patern.cpp(277,11): error C2039: 'Menu' n'est pas membre de 'QzCPP::MyScrollBar'
C:\Users\alexe\Documents\Programation\C++\learning-cards\QzCPP\Patern.cpp(174): message : voir la déclaration de 'QzCPP::MyScrollBar'
C:\Users\alexe\Documents\Programation\C++\learning-cards\QzCPP\Patern.cpp(277,30): error C2039: 'Menu' n'est pas membre de 'QzCPP::MyScrollBar'
C:\Users\alexe\Documents\Programation\C++\learning-cards\QzCPP\Patern.cpp(174): message : voir la déclaration de 'QzCPP::MyScrollBar'
C:\Users\alexe\Documents\Programation\C++\learning-cards\QzCPP\Patern.cpp(876,5): error C2084: la fonction 'int handleSize(int,int,int)' a déjà un corps
C:\Users\alexe\Documents\Programation\C++\learning-cards\QzCPP\Patern.cpp(59): message : voir la définition précédente de 'handleSize'
C:\Users\alexe\Documents\Programation\C++\learning-cards\QzCPP\Patern.cpp(928,25): error C2065: 'handleSize' : identificateur non déclaré
  Génération de code en cours...
